0 info it worked if it ends with ok
1 verbose cli [ 'C:\\Program Files\\nodejs\\node.exe',
1 verbose cli   'C:\\Program Files (x86)\\Nodist\\bin\\node_modules\\npm\\bin\\npm-cli.js',
1 verbose cli   'install',
1 verbose cli   'pug-cli',
1 verbose cli   '-g' ]
2 info using npm@3.5.2
3 info using node@v8.9.3
4 verbose stack Error: Cannot find module 'internal/util/types'
4 verbose stack     at Function.Module._resolveFilename (module.js:536:15)
4 verbose stack     at Function.Module._load (module.js:466:25)
4 verbose stack     at Module.require (module.js:579:17)
4 verbose stack     at require (internal/module.js:11:18)
4 verbose stack     at evalmachine.<anonymous>:31:26
4 verbose stack     at Object.<anonymous> (C:\Program Files (x86)\Nodist\bin\node_modules\npm\node_modules\cmd-shim\node_modules\graceful-fs\fs.js:11:1)
4 verbose stack     at Module._compile (module.js:635:30)
4 verbose stack     at Object.Module._extensions..js (module.js:646:10)
4 verbose stack     at Module.load (module.js:554:32)
4 verbose stack     at tryModuleLoad (module.js:497:12)
5 verbose cwd C:\Users\mono\AppData\Roaming\idesktop\DFolder\capetas y arvhicos\PROCESOS\web_y_programacion_v2\Pug
6 error Windows_NT 6.1.7601
7 error argv "C:\\Program Files\\nodejs\\node.exe" "C:\\Program Files (x86)\\Nodist\\bin\\node_modules\\npm\\bin\\npm-cli.js" "install" "pug-cli" "-g"
8 error node v8.9.3
9 error npm  v3.5.2
10 error code MODULE_NOT_FOUND
11 error Cannot find module 'internal/util/types'
12 error If you need help, you may report this error at:
12 error     <https://github.com/npm/npm/issues>
13 verbose exit [ 1, true ]
